# JRE version: OpenJDK Runtime Environment (11.0.10) (build 11.0.10+0-b96-7249189)
# Java VM: OpenJDK 64-Bit Server VM (11.0.10+0-b96-7249189, mixed mode, tiered, compressed oops, g1 gc, windows-amd64)
Heap:
 garbage-first heap   total 859136K, used 209188K [0x0000000080000000, 0x0000000100000000)
  region size 1024K, 18 young (18432K), 18 survivors (18432K)
 Metaspace       used 120118K, capacity 123468K, committed 123596K, reserved 1157120K
  class space    used 15276K, capacity 16523K, committed 16588K, reserved 1048576K
GC Heap History (20 events):
Event: 200.553 GC heap after
{Heap after GC invocations=47 (full 0):
 garbage-first heap   total 196608K, used 108762K [0x0000000080000000, 0x0000000100000000)
  region size 1024K, 5 young (5120K), 5 survivors (5120K)
 Metaspace       used 118736K, capacity 121997K, committed 122316K, reserved 1155072K
  class space    used 15228K, capacity 16475K, committed 16588K, reserved 1048576K
}
Event: 200.786 GC heap before
{Heap before GC invocations=48 (full 0):
 garbage-first heap   total 196608K, used 157914K [0x0000000080000000, 0x0000000100000000)
  region size 1024K, 52 young (53248K), 5 survivors (5120K)
 Metaspace       used 119092K, capacity 122400K, committed 122572K, reserved 1155072K
  class space    used 15234K, capacity 16477K, committed 16588K, reserved 1048576K
}
Event: 200.797 GC heap after
{Heap after GC invocations=49 (full 0):
 garbage-first heap   total 196608K, used 118185K [0x0000000080000000, 0x0000000100000000)
  region size 1024K, 7 young (7168K), 7 survivors (7168K)
 Metaspace       used 119092K, capacity 122400K, committed 122572K, reserved 1155072K
  class space    used 15234K, capacity 16477K, committed 16588K, reserved 1048576K
}
Event: 200.863 GC heap before
{Heap before GC invocations=49 (full 0):
 garbage-first heap   total 196608K, used 158121K [0x0000000080000000, 0x0000000100000000)
  region size 1024K, 47 young (48128K), 7 survivors (7168K)
 Metaspace       used 119102K, capacity 122403K, committed 122572K, reserved 1155072K
  class space    used 15235K, capacity 16478K, committed 16588K, reserved 1048576K
}
Event: 200.881 GC heap after
{Heap after GC invocations=50 (full 0):
 garbage-first heap   total 274432K, used 127414K [0x0000000080000000, 0x0000000100000000)
  region size 1024K, 6 young (6144K), 6 survivors (6144K)
 Metaspace       used 119102K, capacity 122403K, committed 122572K, reserved 1155072K
  class space    used 15235K, capacity 16478K, committed 16588K, reserved 1048576K
}
Event: 201.044 GC heap before
{Heap before GC invocations=50 (full 0):
 garbage-first heap   total 274432K, used 189878K [0x0000000080000000, 0x0000000100000000)
  region size 1024K, 68 young (69632K), 6 survivors (6144K)
 Metaspace       used 119146K, capacity 122482K, committed 122828K, reserved 1155072K
  class space    used 15238K, capacity 16483K, committed 16588K, reserved 1048576K
}
Event: 201.057 GC heap after
{Heap after GC invocations=51 (full 0):
 garbage-first heap   total 274432K, used 139997K [0x0000000080000000, 0x0000000100000000)
  region size 1024K, 9 young (9216K), 9 survivors (9216K)
 Metaspace       used 119146K, capacity 122482K, committed 122828K, reserved 1155072K
  class space    used 15238K, capacity 16483K, committed 16588K, reserved 1048576K
}
Event: 201.174 GC heap before
{Heap before GC invocations=52 (full 0):
 garbage-first heap   total 274432K, used 199389K [0x0000000080000000, 0x0000000100000000)
  region size 1024K, 69 young (70656K), 9 survivors (9216K)
 Metaspace       used 119182K, capacity 122484K, committed 122828K, reserved 1155072K
  class space    used 15240K, capacity 16483K, committed 16588K, reserved 1048576K
}
Event: 201.194 GC heap after
{Heap after GC invocations=53 (full 0):
 garbage-first heap   total 274432K, used 151552K [0x0000000080000000, 0x0000000100000000)
  region size 1024K, 9 young (9216K), 9 survivors (9216K)
 Metaspace       used 119182K, capacity 122484K, committed 122828K, reserved 1155072K
  class space    used 15240K, capacity 16483K, committed 16588K, reserved 1048576K
}
Event: 201.310 GC heap before
{Heap before GC invocations=53 (full 0):
 garbage-first heap   total 274432K, used 206848K [0x0000000080000000, 0x0000000100000000)
  region size 1024K, 63 young (64512K), 9 survivors (9216K)
 Metaspace       used 119204K, capacity 122488K, committed 122828K, reserved 1155072K
  class space    used 15244K, capacity 16484K, committed 16588K, reserved 1048576K
}
Event: 201.342 GC heap after
{Heap after GC invocations=54 (full 0):
 garbage-first heap   total 274432K, used 163777K [0x0000000080000000, 0x0000000100000000)
  region size 1024K, 8 young (8192K), 8 survivors (8192K)
 Metaspace       used 119204K, capacity 122488K, committed 122828K, reserved 1155072K
  class space    used 15244K, capacity 16484K, committed 16588K, reserved 1048576K
}
Event: 201.628 GC heap before
{Heap before GC invocations=54 (full 0):
 garbage-first heap   total 274432K, used 213953K [0x0000000080000000, 0x0000000100000000)
  region size 1024K, 58 young (59392K), 8 survivors (8192K)
 Metaspace       used 119283K, capacity 122562K, committed 122828K, reserved 1155072K
  class space    used 15248K, capacity 16487K, committed 16588K, reserved 1048576K
}
Event: 201.661 GC heap after
{Heap after GC invocations=55 (full 0):
 garbage-first heap   total 548864K, used 174022K [0x0000000080000000, 0x0000000100000000)
  region size 1024K, 8 young (8192K), 8 survivors (8192K)
 Metaspace       used 119283K, capacity 122562K, committed 122828K, reserved 1155072K
  class space    used 15248K, capacity 16487K, committed 16588K, reserved 1048576K
}
Event: 202.246 GC heap before
{Heap before GC invocations=56 (full 0):
 garbage-first heap   total 548864K, used 304070K [0x0000000080000000, 0x0000000100000000)
  region size 1024K, 136 young (139264K), 8 survivors (8192K)
 Metaspace       used 119537K, capacity 122871K, committed 123084K, reserved 1155072K
  class space    used 15259K, capacity 16502K, committed 16588K, reserved 1048576K
}
Event: 202.274 GC heap after
{Heap after GC invocations=57 (full 0):
 garbage-first heap   total 548864K, used 190934K [0x0000000080000000, 0x0000000100000000)
  region size 1024K, 17 young (17408K), 17 survivors (17408K)
 Metaspace       used 119537K, capacity 122871K, committed 123084K, reserved 1155072K
  class space    used 15259K, capacity 16502K, committed 16588K, reserved 1048576K
}
Event: 202.674 GC heap before
{Heap before GC invocations=57 (full 0):
 garbage-first heap   total 548864K, used 337366K [0x0000000080000000, 0x0000000100000000)
  region size 1024K, 161 young (164864K), 17 survivors (17408K)
 Metaspace       used 119579K, capacity 122916K, committed 123084K, reserved 1155072K
  class space    used 15268K, capacity 16518K, committed 16588K, reserved 1048576K
}
Event: 202.710 GC heap after
{Heap after GC invocations=58 (full 0):
 garbage-first heap   total 548864K, used 198721K [0x0000000080000000, 0x0000000100000000)
  region size 1024K, 18 young (18432K), 18 survivors (18432K)
 Metaspace       used 119579K, capacity 122916K, committed 123084K, reserved 1155072K
  class space    used 15268K, capacity 16518K, committed 16588K, reserved 1048576K
}
Event: 203.475 GC heap before
{Heap before GC invocations=59 (full 0):
 garbage-first heap   total 548864K, used 361537K [0x0000000080000000, 0x0000000100000000)
  region size 1024K, 177 young (181248K), 18 survivors (18432K)
 Metaspace       used 119809K, capacity 123123K, committed 123340K, reserved 1157120K
  class space    used 15274K, capacity 16520K, committed 16588K, reserved 1048576K
}
Event: 203.501 GC heap after
{Heap after GC invocations=60 (full 0):
 garbage-first heap   total 548864K, used 205556K [0x0000000080000000, 0x0000000100000000)
  region size 1024K, 14 young (14336K), 14 survivors (14336K)
 Metaspace       used 119809K, capacity 123123K, committed 123340K, reserved 1157120K
  class space    used 15274K, capacity 16520K, committed 16588K, reserved 1048576K
}
Event: 203.981 GC heap before
{Heap before GC invocations=60 (full 0):
 garbage-first heap   total 548864K, used 410356K [0x0000000080000000, 0x0000000100000000)
  region size 1024K, 214 young (219136K), 14 survivors (14336K)
 Metaspace       used 120118K, capacity 123468K, committed 123596K, reserved 1157120K
  class space    used 15276K, capacity 16523K, committed 16588K, reserved 1048576K
}

